<?xml version="1.0" encoding="UTF-8"?>
<coverage generated="1537499528348" clover="3.2.0">
  <project timestamp="1537499528348" name="All files">
    <metrics statements="33" coveredstatements="29" conditionals="0" coveredconditionals="0" methods="8" coveredmethods="5" elements="41" coveredelements="34" complexity="0" loc="33" ncloc="33" packages="2" files="3" classes="3">
      <package name="config">
        <metrics statements="1" coveredstatements="1" conditionals="0" coveredconditionals="0" methods="0" coveredmethods="0"/>
        <file name="default.js" path="/Users/Jeff/Desktop/timeclock/src/config/default.js">
          <metrics statements="1" coveredstatements="1" conditionals="0" coveredconditionals="0" methods="0" coveredmethods="0"/>
          <line num="1" count="1" type="stmt"/>
        </file>
      </package>
      <package name="shift">
        <metrics statements="32" coveredstatements="28" conditionals="0" coveredconditionals="0" methods="8" coveredmethods="5"/>
        <file name="index.js" path="/Users/Jeff/Desktop/timeclock/src/shift/index.js">
          <metrics statements="20" coveredstatements="20" conditionals="0" coveredconditionals="0" methods="5" coveredmethods="5"/>
          <line num="1" count="1" type="stmt"/>
          <line num="2" count="1" type="stmt"/>
          <line num="4" count="1" type="stmt"/>
          <line num="6" count="33" type="stmt"/>
          <line num="15" count="3" type="stmt"/>
          <line num="17" count="3" type="stmt"/>
          <line num="23" count="33" type="stmt"/>
          <line num="38" count="6" type="stmt"/>
          <line num="42" count="6" type="stmt"/>
          <line num="43" count="6" type="stmt"/>
          <line num="45" count="6" type="stmt"/>
          <line num="51" count="6" type="stmt"/>
          <line num="53" count="6" type="stmt"/>
          <line num="59" count="33" type="stmt"/>
          <line num="68" count="5" type="stmt"/>
          <line num="73" count="5" type="stmt"/>
          <line num="77" count="33" type="stmt"/>
          <line num="86" count="5" type="stmt"/>
          <line num="91" count="5" type="stmt"/>
          <line num="97" count="1" type="stmt"/>
        </file>
        <file name="service.js" path="/Users/Jeff/Desktop/timeclock/src/shift/service.js">
          <metrics statements="12" coveredstatements="8" conditionals="0" coveredconditionals="0" methods="3" coveredmethods="0"/>
          <line num="1" count="1" type="stmt"/>
          <line num="3" count="1" type="stmt"/>
          <line num="4" count="1" type="stmt"/>
          <line num="18" count="1" type="stmt"/>
          <line num="30" count="1" type="stmt"/>
          <line num="32" count="1" type="stmt"/>
          <line num="34" count="0" type="stmt"/>
          <line num="43" count="1" type="stmt"/>
          <line num="45" count="0" type="stmt"/>
          <line num="51" count="1" type="stmt"/>
          <line num="53" count="0" type="stmt"/>
          <line num="59" count="0" type="stmt"/>
        </file>
      </package>
    </metrics>
  </project>
</coverage>
