{"/Users/Jeff/Desktop/timeclock/src/config/default.js": {"path":"/Users/Jeff/Desktop/timeclock/src/config/default.js","statementMap":{"0":{"start":{"line":1,"column":0},"end":{"line":33,"column":2}}},"fnMap":{},"branchMap":{},"s":{"0":1},"f":{},"b":{},"_coverageSchema":"332fd63041d2c1bcb487cc26dd0d5f7d97098a6c","hash":"6c79bfc5cefe86e180c443b32496ab9838beafc9"}
,"/Users/Jeff/Desktop/timeclock/src/shift/index.js": {"path":"/Users/Jeff/Desktop/timeclock/src/shift/index.js","statementMap":{"0":{"start":{"line":1,"column":16},"end":{"line":1,"column":36}},"1":{"start":{"line":2,"column":12},"end":{"line":2,"column":26}},"2":{"start":{"line":4,"column":0},"end":{"line":95,"column":2}},"3":{"start":{"line":6,"column":2},"end":{"line":21,"column":5}},"4":{"start":{"line":15,"column":19},"end":{"line":15,"column":42}},"5":{"start":{"line":17,"column":6},"end":{"line":19,"column":9}},"6":{"start":{"line":23,"column":2},"end":{"line":57,"column":5}},"7":{"start":{"line":38,"column":6},"end":{"line":40,"column":9}},"8":{"start":{"line":42,"column":20},"end":{"line":42,"column":41}},"9":{"start":{"line":43,"column":18},"end":{"line":43,"column":37}},"10":{"start":{"line":45,"column":6},"end":{"line":49,"column":9}},"11":{"start":{"line":51,"column":18},"end":{"line":51,"column":75}},"12":{"start":{"line":53,"column":6},"end":{"line":55,"column":19}},"13":{"start":{"line":59,"column":2},"end":{"line":75,"column":5}},"14":{"start":{"line":68,"column":6},"end":{"line":72,"column":9}},"15":{"start":{"line":73,"column":6},"end":{"line":73,"column":34}},"16":{"start":{"line":77,"column":2},"end":{"line":93,"column":5}},"17":{"start":{"line":86,"column":6},"end":{"line":90,"column":9}},"18":{"start":{"line":91,"column":6},"end":{"line":91,"column":34}},"19":{"start":{"line":97,"column":0},"end":{"line":99,"column":2}}},"fnMap":{"0":{"name":"(anonymous_0)","decl":{"start":{"line":4,"column":19},"end":{"line":4,"column":20}},"loc":{"start":{"line":4,"column":31},"end":{"line":95,"column":1}},"line":4},"1":{"name":"(anonymous_1)","decl":{"start":{"line":13,"column":13},"end":{"line":13,"column":14}},"loc":{"start":{"line":13,"column":35},"end":{"line":20,"column":5}},"line":13},"2":{"name":"(anonymous_2)","decl":{"start":{"line":36,"column":13},"end":{"line":36,"column":14}},"loc":{"start":{"line":36,"column":35},"end":{"line":56,"column":5}},"line":36},"3":{"name":"(anonymous_3)","decl":{"start":{"line":66,"column":13},"end":{"line":66,"column":14}},"loc":{"start":{"line":66,"column":35},"end":{"line":74,"column":5}},"line":66},"4":{"name":"(anonymous_4)","decl":{"start":{"line":84,"column":13},"end":{"line":84,"column":14}},"loc":{"start":{"line":84,"column":35},"end":{"line":92,"column":5}},"line":84}},"branchMap":{},"s":{"0":1,"1":1,"2":1,"3":33,"4":3,"5":3,"6":33,"7":6,"8":6,"9":6,"10":6,"11":6,"12":6,"13":33,"14":5,"15":5,"16":33,"17":5,"18":5,"19":1},"f":{"0":33,"1":3,"2":6,"3":5,"4":5},"b":{},"_coverageSchema":"332fd63041d2c1bcb487cc26dd0d5f7d97098a6c","hash":"95fede2d28ec9b33c48f6229b59c0ea39fd6aa9a"}
,"/Users/Jeff/Desktop/timeclock/src/shift/service.js": {"path":"/Users/Jeff/Desktop/timeclock/src/shift/service.js","statementMap":{"0":{"start":{"line":1,"column":15},"end":{"line":1,"column":44}},"1":{"start":{"line":3,"column":18},"end":{"line":3,"column":38}},"2":{"start":{"line":4,"column":18},"end":{"line":16,"column":2}},"3":{"start":{"line":18,"column":14},"end":{"line":28,"column":2}},"4":{"start":{"line":30,"column":0},"end":{"line":30,"column":17}},"5":{"start":{"line":32,"column":0},"end":{"line":41,"column":2}},"6":{"start":{"line":34,"column":2},"end":{"line":39,"column":5}},"7":{"start":{"line":43,"column":0},"end":{"line":49,"column":2}},"8":{"start":{"line":45,"column":2},"end":{"line":47,"column":5}},"9":{"start":{"line":51,"column":0},"end":{"line":63,"column":2}},"10":{"start":{"line":53,"column":16},"end":{"line":57,"column":4}},"11":{"start":{"line":59,"column":2},"end":{"line":62,"column":5}}},"fnMap":{"0":{"name":"(anonymous_0)","decl":{"start":{"line":32,"column":22},"end":{"line":32,"column":23}},"loc":{"start":{"line":32,"column":39},"end":{"line":41,"column":1}},"line":32},"1":{"name":"(anonymous_1)","decl":{"start":{"line":43,"column":25},"end":{"line":43,"column":26}},"loc":{"start":{"line":43,"column":37},"end":{"line":49,"column":1}},"line":43},"2":{"name":"(anonymous_2)","decl":{"start":{"line":51,"column":24},"end":{"line":51,"column":25}},"loc":{"start":{"line":51,"column":41},"end":{"line":63,"column":1}},"line":51}},"branchMap":{},"s":{"0":1,"1":1,"2":1,"3":1,"4":1,"5":1,"6":0,"7":1,"8":0,"9":1,"10":0,"11":0},"f":{"0":0,"1":0,"2":0},"b":{},"_coverageSchema":"332fd63041d2c1bcb487cc26dd0d5f7d97098a6c","hash":"c94693aaa02f5191895bec01c439e7b741351902"}
}
