TN:
SF:/Users/Jeff/Desktop/timeclock/src/config/default.js
FNF:0
FNH:0
DA:1,1
LF:1
LH:1
BRF:0
BRH:0
end_of_record
TN:
SF:/Users/Jeff/Desktop/timeclock/src/shift/index.js
FN:4,(anonymous_0)
FN:13,(anonymous_1)
FN:36,(anonymous_2)
FN:66,(anonymous_3)
FN:84,(anonymous_4)
FNF:5
FNH:5
FNDA:33,(anonymous_0)
FNDA:3,(anonymous_1)
FNDA:6,(anonymous_2)
FNDA:5,(anonymous_3)
FNDA:5,(anonymous_4)
DA:1,1
DA:2,1
DA:4,1
DA:6,33
DA:15,3
DA:17,3
DA:23,33
DA:38,6
DA:42,6
DA:43,6
DA:45,6
DA:51,6
DA:53,6
DA:59,33
DA:68,5
DA:73,5
DA:77,33
DA:86,5
DA:91,5
DA:97,1
LF:20
LH:20
BRF:0
BRH:0
end_of_record
TN:
SF:/Users/Jeff/Desktop/timeclock/src/shift/service.js
FN:32,(anonymous_0)
FN:43,(anonymous_1)
FN:51,(anonymous_2)
FNF:3
FNH:0
FNDA:0,(anonymous_0)
FNDA:0,(anonymous_1)
FNDA:0,(anonymous_2)
DA:1,1
DA:3,1
DA:4,1
DA:18,1
DA:30,1
DA:32,1
DA:34,0
DA:43,1
DA:45,0
DA:51,1
DA:53,0
DA:59,0
LF:12
LH:8
BRF:0
BRH:0
end_of_record
